0 info it worked if it ends with ok
1 verbose cli [ '/Users/zhouwei/.nvm/versions/node/v6.2.0/bin/node',
1 verbose cli   '/Users/zhouwei/.nvm/versions/node/v6.2.0/bin/npm',
1 verbose cli   'run',
1 verbose cli   'build' ]
2 info using npm@3.8.9
3 info using node@v6.2.0
4 verbose run-script [ 'prebuild', 'build', 'postbuild' ]
5 info lifecycle demo1@0.1.0~prebuild: demo1@0.1.0
6 silly lifecycle demo1@0.1.0~prebuild: no script for prebuild, continuing
7 info lifecycle demo1@0.1.0~build: demo1@0.1.0
8 verbose lifecycle demo1@0.1.0~build: unsafe-perm in lifecycle true
9 verbose lifecycle demo1@0.1.0~build: PATH: /Users/zhouwei/.nvm/versions/node/v6.2.0/lib/node_modules/npm/bin/node-gyp-bin:/Users/zhouwei/company/99bill/mkt-intra/node_modules/.bin:/Users/zhouwei/.nvm/versions/node/v6.2.0/bin:/Users/zhouwei/.nvm/versions/node/v6.2.0/bin:/usr/local/bin:/usr/bin:/bin:/usr/sbin:/sbin
10 verbose lifecycle demo1@0.1.0~build: CWD: /Users/zhouwei/company/99bill/mkt-intra
11 silly lifecycle demo1@0.1.0~build: Args: [ '-c', 'react-scripts build' ]
12 info lifecycle demo1@0.1.0~build: Failed to exec build script
13 verbose stack Error: demo1@0.1.0 build: `react-scripts build`
13 verbose stack spawn ENOENT
13 verbose stack     at ChildProcess.<anonymous> (/Users/zhouwei/.nvm/versions/node/v6.2.0/lib/node_modules/npm/lib/utils/spawn.js:17:16)
13 verbose stack     at emitTwo (events.js:106:13)
13 verbose stack     at ChildProcess.emit (events.js:191:7)
13 verbose stack     at maybeClose (internal/child_process.js:850:16)
13 verbose stack     at Process.ChildProcess._handle.onexit (internal/child_process.js:215:5)
14 verbose pkgid demo1@0.1.0
15 verbose cwd /Users/zhouwei/company/99bill/mkt-intra/src
16 error Darwin 16.6.0
17 error argv "/Users/zhouwei/.nvm/versions/node/v6.2.0/bin/node" "/Users/zhouwei/.nvm/versions/node/v6.2.0/bin/npm" "run" "build"
18 error node v6.2.0
19 error npm  v3.8.9
20 error file sh
21 error code ELIFECYCLE
22 error errno ENOENT
23 error syscall spawn
24 error demo1@0.1.0 build: `react-scripts build`
24 error spawn ENOENT
25 error Failed at the demo1@0.1.0 build script 'react-scripts build'.
25 error Make sure you have the latest version of node.js and npm installed.
25 error If you do, this is most likely a problem with the demo1 package,
25 error not with npm itself.
25 error Tell the author that this fails on your system:
25 error     react-scripts build
25 error You can get information on how to open an issue for this project with:
25 error     npm bugs demo1
25 error Or if that isn't available, you can get their info via:
25 error     npm owner ls demo1
25 error There is likely additional logging output above.
26 verbose exit [ 1, true ]
